<?xml version="1.0" encoding="UTF-8"?>
<testsuite name="new_test/tests" tests="1" failures="0" skipped="0" hostname="ibm-aniketpathania" time="107.168" timestamp="Thu Aug 22 16:03:53 IST 2024">
	<properties>
		<property name="excludeCallableTestCases" value="true"/>
		<property name="testEnvironment" value=""/>
		<property name="pluginOutputLevel" value="WARNING"/>
		<property name="projectPath" value=".."/>
		<property name="salesforceMetadataCache" value="Reuse"/>
		<property name="resultsPathDisposition" value="Increment"/>
		<property name="testOutputLevel" value="INFO"/>
		<property name="webBrowserType" value="Chrome"/>
		<property name="resultsPath" value="../ANT/Results"/>
		<property name="webBrowserConfiguration" value="Full Screen"/>
		<property name="projectCachePath" value="C:\Users\aniket.pathania\Provar\Workspace11\new_test\ANT\..\..\.provarCaches"/>
	</properties>
	<testcase classname="tests/Salesforce\Createcontacts222.testcase" name="Createcontacts222.testcase" time="103.848">
	</testcase>
</testsuite>
